d:\skript\tum_skript\semester1\game physics\game_physics\e1\gamephysicstemplate-master\simulationsrunner\debug\vc143.pdb
d:\skript\tum_skript\semester1\game physics\game_physics\e1\gamephysicstemplate-master\simulationsrunner\debug\vc143.idb
d:\skript\tum_skript\semester1\game physics\game_physics\e1\gamephysicstemplate-master\simulationsrunner\debug\main.obj
d:\skript\tum_skript\semester1\game physics\game_physics\e1\gamephysicstemplate-master\win32\debug\simulationsrunner_2017.pdb
d:\skript\tum_skript\semester1\game physics\game_physics\e1\gamephysicstemplate-master\simulationsrunner\debug\simulati.0b7baa5b.tlog\cl.command.1.tlog
d:\skript\tum_skript\semester1\game physics\game_physics\e1\gamephysicstemplate-master\simulationsrunner\debug\simulati.0b7baa5b.tlog\cl.read.1.tlog
d:\skript\tum_skript\semester1\game physics\game_physics\e1\gamephysicstemplate-master\simulationsrunner\debug\simulati.0b7baa5b.tlog\cl.write.1.tlog
d:\skript\tum_skript\semester1\game physics\game_physics\e1\gamephysicstemplate-master\simulationsrunner\debug\simulati.0b7baa5b.tlog\link-cvtres.read.1.tlog
d:\skript\tum_skript\semester1\game physics\game_physics\e1\gamephysicstemplate-master\simulationsrunner\debug\simulati.0b7baa5b.tlog\link-cvtres.write.1.tlog
d:\skript\tum_skript\semester1\game physics\game_physics\e1\gamephysicstemplate-master\simulationsrunner\debug\simulati.0b7baa5b.tlog\link-rc.read.1.tlog
d:\skript\tum_skript\semester1\game physics\game_physics\e1\gamephysicstemplate-master\simulationsrunner\debug\simulati.0b7baa5b.tlog\link-rc.write.1.tlog
d:\skript\tum_skript\semester1\game physics\game_physics\e1\gamephysicstemplate-master\simulationsrunner\debug\simulati.0b7baa5b.tlog\link.32520-cvtres.read.1.tlog
d:\skript\tum_skript\semester1\game physics\game_physics\e1\gamephysicstemplate-master\simulationsrunner\debug\simulati.0b7baa5b.tlog\link.32520-cvtres.write.1.tlog
d:\skript\tum_skript\semester1\game physics\game_physics\e1\gamephysicstemplate-master\simulationsrunner\debug\simulati.0b7baa5b.tlog\link.32520-rc.read.1.tlog
d:\skript\tum_skript\semester1\game physics\game_physics\e1\gamephysicstemplate-master\simulationsrunner\debug\simulati.0b7baa5b.tlog\link.32520-rc.write.1.tlog
d:\skript\tum_skript\semester1\game physics\game_physics\e1\gamephysicstemplate-master\simulationsrunner\debug\simulati.0b7baa5b.tlog\link.32520.read.1.tlog
d:\skript\tum_skript\semester1\game physics\game_physics\e1\gamephysicstemplate-master\simulationsrunner\debug\simulati.0b7baa5b.tlog\link.32520.write.1.tlog
d:\skript\tum_skript\semester1\game physics\game_physics\e1\gamephysicstemplate-master\simulationsrunner\debug\simulati.0b7baa5b.tlog\link.command.1.tlog
d:\skript\tum_skript\semester1\game physics\game_physics\e1\gamephysicstemplate-master\simulationsrunner\debug\simulati.0b7baa5b.tlog\link.read.1.tlog
d:\skript\tum_skript\semester1\game physics\game_physics\e1\gamephysicstemplate-master\simulationsrunner\debug\simulati.0b7baa5b.tlog\link.write.1.tlog
