  MassSpringSystemSimulator.cpp
C:\Users\Administrator\Downloads\game_physics-tang\game_physics-tang\E1\gamephysicstemplate-master\Simulations\util\vectorbase.h(11,1): warning C4005: “NOMINMAX”: 宏重定义
C:\Users\Administrator\Downloads\game_physics-tang\game_physics-tang\E1\gamephysicstemplate-master\Simulations\util\vectorbase.h(11,1): message : 之前在命令行上声明的“NOMINMAX”
C:\Users\Administrator\Downloads\game_physics-tang\game_physics-tang\E1\gamephysicstemplate-master\Simulations\MassSpringSystemSimulator.cpp(9,30): warning C4305: “参数”: 从“double”到“float”截断
C:\Users\Administrator\Downloads\game_physics-tang\game_physics-tang\E1\gamephysicstemplate-master\Simulations\MassSpringSystemSimulator.cpp(42,35): warning C4267: “return”: 从“size_t”转换到“int”，可能丢失数据
C:\Users\Administrator\Downloads\game_physics-tang\game_physics-tang\E1\gamephysicstemplate-master\Simulations\MassSpringSystemSimulator.cpp(53,78): warning C4267: “return”: 从“size_t”转换到“int”，可能丢失数据
C:\Users\Administrator\Downloads\game_physics-tang\game_physics-tang\E1\gamephysicstemplate-master\Simulations\MassSpringSystemSimulator.cpp(55,84): warning C4267: “return”: 从“size_t”转换到“int”，可能丢失数据
C:\Users\Administrator\Downloads\game_physics-tang\game_physics-tang\E1\gamephysicstemplate-master\Simulations\util\vectorbase.h(204,36): warning C4244: “参数”: 从“const Scalar”转换到“float”，可能丢失数据
          with
          [
              Scalar=GamePhysics::Real
          ]
C:\Users\Administrator\Downloads\game_physics-tang\game_physics-tang\E1\gamephysicstemplate-master\Simulations\util\vectorbase.h(203,1): message : 在编译 类 模板 成员函数“DirectX::XMVECTOR GamePhysics::vector3Dim<GamePhysics::Real>::toDirectXVector(void) const”时
C:\Users\Administrator\Downloads\game_physics-tang\game_physics-tang\E1\gamephysicstemplate-master\Simulations\DrawingUtilitiesClass.h(285,29): message : 查看对正在编译的函数 模板 实例化“DirectX::XMVECTOR GamePhysics::vector3Dim<GamePhysics::Real>::toDirectXVector(void) const”的引用
C:\Users\Administrator\Downloads\game_physics-tang\game_physics-tang\E1\gamephysicstemplate-master\Simulations\util\vectorbase.h(859,15): message : 查看对正在编译的 类 模板 实例化“GamePhysics::vector3Dim<GamePhysics::Real>”的引用
C:\Users\Administrator\Downloads\game_physics-tang\game_physics-tang\E1\gamephysicstemplate-master\Simulations\util\vectorbase.h(204,34): warning C4244: “参数”: 从“const Scalar”转换到“float”，可能丢失数据
          with
          [
              Scalar=GamePhysics::Real
          ]
C:\Users\Administrator\Downloads\game_physics-tang\game_physics-tang\E1\gamephysicstemplate-master\Simulations\util\vectorbase.h(204,32): warning C4244: “参数”: 从“const Scalar”转换到“float”，可能丢失数据
          with
          [
              Scalar=GamePhysics::Real
          ]
C:\Users\Administrator\Downloads\game_physics-tang\game_physics-tang\E1\gamephysicstemplate-master\Simulations\util\matrixbase.h(777,79): warning C4244: “参数”: 从“Scalar”转换到“float”，可能丢失数据
          with
          [
              Scalar=double
          ]
C:\Users\Administrator\Downloads\game_physics-tang\game_physics-tang\E1\gamephysicstemplate-master\Simulations\util\matrixbase.h(773,1): message : 在编译 类 模板 成员函数“DirectX::XMMATRIX GamePhysics::matrix4x4<double>::toDirectXMatrix(void)”时
C:\Users\Administrator\Downloads\game_physics-tang\game_physics-tang\E1\gamephysicstemplate-master\Simulations\DrawingUtilitiesClass.h(380,15): message : 查看对正在编译的函数 模板 实例化“DirectX::XMMATRIX GamePhysics::matrix4x4<double>::toDirectXMatrix(void)”的引用
C:\Users\Administrator\Downloads\game_physics-tang\game_physics-tang\E1\gamephysicstemplate-master\Simulations\DrawingUtilitiesClass.h(379,1): message : 查看对正在编译的 类 模板 实例化“GamePhysics::matrix4x4<double>”的引用
C:\Users\Administrator\Downloads\game_physics-tang\game_physics-tang\E1\gamephysicstemplate-master\Simulations\util\matrixbase.h(777,61): warning C4244: “参数”: 从“Scalar”转换到“float”，可能丢失数据
          with
          [
              Scalar=double
          ]
C:\Users\Administrator\Downloads\game_physics-tang\game_physics-tang\E1\gamephysicstemplate-master\Simulations\util\matrixbase.h(777,43): warning C4244: “参数”: 从“Scalar”转换到“float”，可能丢失数据
          with
          [
              Scalar=double
          ]
C:\Users\Administrator\Downloads\game_physics-tang\game_physics-tang\E1\gamephysicstemplate-master\Simulations\util\matrixbase.h(777,25): warning C4244: “参数”: 从“Scalar”转换到“float”，可能丢失数据
          with
          [
              Scalar=double
          ]
C:\Users\Administrator\Downloads\game_physics-tang\game_physics-tang\E1\gamephysicstemplate-master\Simulations\util\matrixbase.h(776,79): warning C4244: “参数”: 从“Scalar”转换到“float”，可能丢失数据
          with
          [
              Scalar=double
          ]
C:\Users\Administrator\Downloads\game_physics-tang\game_physics-tang\E1\gamephysicstemplate-master\Simulations\util\matrixbase.h(776,61): warning C4244: “参数”: 从“Scalar”转换到“float”，可能丢失数据
          with
          [
              Scalar=double
          ]
C:\Users\Administrator\Downloads\game_physics-tang\game_physics-tang\E1\gamephysicstemplate-master\Simulations\util\matrixbase.h(776,43): warning C4244: “参数”: 从“Scalar”转换到“float”，可能丢失数据
          with
          [
              Scalar=double
          ]
C:\Users\Administrator\Downloads\game_physics-tang\game_physics-tang\E1\gamephysicstemplate-master\Simulations\util\matrixbase.h(776,25): warning C4244: “参数”: 从“Scalar”转换到“float”，可能丢失数据
          with
          [
              Scalar=double
          ]
C:\Users\Administrator\Downloads\game_physics-tang\game_physics-tang\E1\gamephysicstemplate-master\Simulations\util\matrixbase.h(775,79): warning C4244: “参数”: 从“Scalar”转换到“float”，可能丢失数据
          with
          [
              Scalar=double
          ]
C:\Users\Administrator\Downloads\game_physics-tang\game_physics-tang\E1\gamephysicstemplate-master\Simulations\util\matrixbase.h(775,61): warning C4244: “参数”: 从“Scalar”转换到“float”，可能丢失数据
          with
          [
              Scalar=double
          ]
C:\Users\Administrator\Downloads\game_physics-tang\game_physics-tang\E1\gamephysicstemplate-master\Simulations\util\matrixbase.h(775,43): warning C4244: “参数”: 从“Scalar”转换到“float”，可能丢失数据
          with
          [
              Scalar=double
          ]
C:\Users\Administrator\Downloads\game_physics-tang\game_physics-tang\E1\gamephysicstemplate-master\Simulations\util\matrixbase.h(775,25): warning C4244: “参数”: 从“Scalar”转换到“float”，可能丢失数据
          with
          [
              Scalar=double
          ]
C:\Users\Administrator\Downloads\game_physics-tang\game_physics-tang\E1\gamephysicstemplate-master\Simulations\util\matrixbase.h(774,97): warning C4244: “参数”: 从“Scalar”转换到“float”，可能丢失数据
          with
          [
              Scalar=double
          ]
C:\Users\Administrator\Downloads\game_physics-tang\game_physics-tang\E1\gamephysicstemplate-master\Simulations\util\matrixbase.h(774,79): warning C4244: “参数”: 从“Scalar”转换到“float”，可能丢失数据
          with
          [
              Scalar=double
          ]
C:\Users\Administrator\Downloads\game_physics-tang\game_physics-tang\E1\gamephysicstemplate-master\Simulations\util\matrixbase.h(774,61): warning C4244: “参数”: 从“Scalar”转换到“float”，可能丢失数据
          with
          [
              Scalar=double
          ]
C:\Users\Administrator\Downloads\game_physics-tang\game_physics-tang\E1\gamephysicstemplate-master\Simulations\util\matrixbase.h(774,43): warning C4244: “参数”: 从“Scalar”转换到“float”，可能丢失数据
          with
          [
              Scalar=double
          ]
  Demo_2017.vcxproj -> C:\Users\Administrator\Downloads\game_physics-tang\game_physics-tang\E1\gamephysicstemplate-master\x64\Debug\Simulations.lib
