  MassSpringSystemSimulator.cpp
D:\Skript\TUM_Skript\Semester1\Game physics\game_physics\E1\gamephysicstemplate-master\Simulations\util\vectorbase.h(11,1): warning C4005: “NOMINMAX”: 宏重定义
D:\Skript\TUM_Skript\Semester1\Game physics\game_physics\E1\gamephysicstemplate-master\Simulations\util\vectorbase.h(11,1): message : 之前在命令行上声明的“NOMINMAX”
D:\Skript\TUM_Skript\Semester1\Game physics\game_physics\E1\gamephysicstemplate-master\Simulations\MassSpringSystemSimulator.cpp(95,20): warning C4018: “<”: 有符号/无符号不匹配
D:\Skript\TUM_Skript\Semester1\Game physics\game_physics\E1\gamephysicstemplate-master\Simulations\MassSpringSystemSimulator.cpp(100,20): warning C4018: “<”: 有符号/无符号不匹配
D:\Skript\TUM_Skript\Semester1\Game physics\game_physics\E1\gamephysicstemplate-master\Simulations\MassSpringSystemSimulator.cpp(186,20): warning C4018: “<”: 有符号/无符号不匹配
D:\Skript\TUM_Skript\Semester1\Game physics\game_physics\E1\gamephysicstemplate-master\Simulations\MassSpringSystemSimulator.cpp(191,13): warning C4244: “初始化”: 从“Scalar”转换到“float”，可能丢失数据
          with
          [
              Scalar=GamePhysics::Real
          ]
D:\Skript\TUM_Skript\Semester1\Game physics\game_physics\E1\gamephysicstemplate-master\Simulations\MassSpringSystemSimulator.cpp(208,13): warning C4244: “=”: 从“Scalar”转换到“float”，可能丢失数据
          with
          [
              Scalar=GamePhysics::Real
          ]
D:\Skript\TUM_Skript\Semester1\Game physics\game_physics\E1\gamephysicstemplate-master\Simulations\MassSpringSystemSimulator.cpp(220,20): warning C4018: “<”: 有符号/无符号不匹配
D:\Skript\TUM_Skript\Semester1\Game physics\game_physics\E1\gamephysicstemplate-master\Simulations\MassSpringSystemSimulator.cpp(225,13): warning C4244: “初始化”: 从“Scalar”转换到“float”，可能丢失数据
          with
          [
              Scalar=GamePhysics::Real
          ]
D:\Skript\TUM_Skript\Semester1\Game physics\game_physics\E1\gamephysicstemplate-master\Simulations\MassSpringSystemSimulator.cpp(242,20): warning C4018: “<”: 有符号/无符号不匹配
D:\Skript\TUM_Skript\Semester1\Game physics\game_physics\E1\gamephysicstemplate-master\Simulations\MassSpringSystemSimulator.cpp(321,20): warning C4018: “<”: 有符号/无符号不匹配
D:\Skript\TUM_Skript\Semester1\Game physics\game_physics\E1\gamephysicstemplate-master\Simulations\MassSpringSystemSimulator.cpp(351,20): warning C4018: “<”: 有符号/无符号不匹配
D:\Skript\TUM_Skript\Semester1\Game physics\game_physics\E1\gamephysicstemplate-master\Simulations\MassSpringSystemSimulator.cpp(381,20): warning C4018: “<”: 有符号/无符号不匹配
D:\Skript\TUM_Skript\Semester1\Game physics\game_physics\E1\gamephysicstemplate-master\Simulations\MassSpringSystemSimulator.cpp(410,20): warning C4018: “<”: 有符号/无符号不匹配
D:\Skript\TUM_Skript\Semester1\Game physics\game_physics\E1\gamephysicstemplate-master\Simulations\util\vectorbase.h(204,36): warning C4244: “参数”: 从“const Scalar”转换到“float”，可能丢失数据
          with
          [
              Scalar=GamePhysics::Real
          ]
D:\Skript\TUM_Skript\Semester1\Game physics\game_physics\E1\gamephysicstemplate-master\Simulations\util\vectorbase.h(203): message : 在编译 类 模板 成员函数“DirectX::XMVECTOR GamePhysics::vector3Dim<GamePhysics::Real>::toDirectXVector(void) const”时
D:\Skript\TUM_Skript\Semester1\Game physics\game_physics\E1\gamephysicstemplate-master\Simulations\DrawingUtilitiesClass.h(285): message : 查看对正在编译的函数 模板 实例化“DirectX::XMVECTOR GamePhysics::vector3Dim<GamePhysics::Real>::toDirectXVector(void) const”的引用
D:\Skript\TUM_Skript\Semester1\Game physics\game_physics\E1\gamephysicstemplate-master\Simulations\util\vectorbase.h(859): message : 查看对正在编译的 类 模板 实例化“GamePhysics::vector3Dim<GamePhysics::Real>”的引用
D:\Skript\TUM_Skript\Semester1\Game physics\game_physics\E1\gamephysicstemplate-master\Simulations\util\vectorbase.h(204,34): warning C4244: “参数”: 从“const Scalar”转换到“float”，可能丢失数据
          with
          [
              Scalar=GamePhysics::Real
          ]
D:\Skript\TUM_Skript\Semester1\Game physics\game_physics\E1\gamephysicstemplate-master\Simulations\util\vectorbase.h(204,32): warning C4244: “参数”: 从“const Scalar”转换到“float”，可能丢失数据
          with
          [
              Scalar=GamePhysics::Real
          ]
D:\Skript\TUM_Skript\Semester1\Game physics\game_physics\E1\gamephysicstemplate-master\Simulations\util\matrixbase.h(777,79): warning C4244: “参数”: 从“Scalar”转换到“float”，可能丢失数据
          with
          [
              Scalar=double
          ]
D:\Skript\TUM_Skript\Semester1\Game physics\game_physics\E1\gamephysicstemplate-master\Simulations\util\matrixbase.h(773): message : 在编译 类 模板 成员函数“DirectX::XMMATRIX GamePhysics::matrix4x4<double>::toDirectXMatrix(void)”时
D:\Skript\TUM_Skript\Semester1\Game physics\game_physics\E1\gamephysicstemplate-master\Simulations\DrawingUtilitiesClass.h(380): message : 查看对正在编译的函数 模板 实例化“DirectX::XMMATRIX GamePhysics::matrix4x4<double>::toDirectXMatrix(void)”的引用
D:\Skript\TUM_Skript\Semester1\Game physics\game_physics\E1\gamephysicstemplate-master\Simulations\DrawingUtilitiesClass.h(379): message : 查看对正在编译的 类 模板 实例化“GamePhysics::matrix4x4<double>”的引用
D:\Skript\TUM_Skript\Semester1\Game physics\game_physics\E1\gamephysicstemplate-master\Simulations\util\matrixbase.h(777,61): warning C4244: “参数”: 从“Scalar”转换到“float”，可能丢失数据
          with
          [
              Scalar=double
          ]
D:\Skript\TUM_Skript\Semester1\Game physics\game_physics\E1\gamephysicstemplate-master\Simulations\util\matrixbase.h(777,43): warning C4244: “参数”: 从“Scalar”转换到“float”，可能丢失数据
          with
          [
              Scalar=double
          ]
D:\Skript\TUM_Skript\Semester1\Game physics\game_physics\E1\gamephysicstemplate-master\Simulations\util\matrixbase.h(777,25): warning C4244: “参数”: 从“Scalar”转换到“float”，可能丢失数据
          with
          [
              Scalar=double
          ]
D:\Skript\TUM_Skript\Semester1\Game physics\game_physics\E1\gamephysicstemplate-master\Simulations\util\matrixbase.h(776,79): warning C4244: “参数”: 从“Scalar”转换到“float”，可能丢失数据
          with
          [
              Scalar=double
          ]
D:\Skript\TUM_Skript\Semester1\Game physics\game_physics\E1\gamephysicstemplate-master\Simulations\util\matrixbase.h(776,61): warning C4244: “参数”: 从“Scalar”转换到“float”，可能丢失数据
          with
          [
              Scalar=double
          ]
D:\Skript\TUM_Skript\Semester1\Game physics\game_physics\E1\gamephysicstemplate-master\Simulations\util\matrixbase.h(776,43): warning C4244: “参数”: 从“Scalar”转换到“float”，可能丢失数据
          with
          [
              Scalar=double
          ]
D:\Skript\TUM_Skript\Semester1\Game physics\game_physics\E1\gamephysicstemplate-master\Simulations\util\matrixbase.h(776,25): warning C4244: “参数”: 从“Scalar”转换到“float”，可能丢失数据
          with
          [
              Scalar=double
          ]
D:\Skript\TUM_Skript\Semester1\Game physics\game_physics\E1\gamephysicstemplate-master\Simulations\util\matrixbase.h(775,79): warning C4244: “参数”: 从“Scalar”转换到“float”，可能丢失数据
          with
          [
              Scalar=double
          ]
D:\Skript\TUM_Skript\Semester1\Game physics\game_physics\E1\gamephysicstemplate-master\Simulations\util\matrixbase.h(775,61): warning C4244: “参数”: 从“Scalar”转换到“float”，可能丢失数据
          with
          [
              Scalar=double
          ]
D:\Skript\TUM_Skript\Semester1\Game physics\game_physics\E1\gamephysicstemplate-master\Simulations\util\matrixbase.h(775,43): warning C4244: “参数”: 从“Scalar”转换到“float”，可能丢失数据
          with
          [
              Scalar=double
          ]
D:\Skript\TUM_Skript\Semester1\Game physics\game_physics\E1\gamephysicstemplate-master\Simulations\util\matrixbase.h(775,25): warning C4244: “参数”: 从“Scalar”转换到“float”，可能丢失数据
          with
          [
              Scalar=double
          ]
D:\Skript\TUM_Skript\Semester1\Game physics\game_physics\E1\gamephysicstemplate-master\Simulations\util\matrixbase.h(774,97): warning C4244: “参数”: 从“Scalar”转换到“float”，可能丢失数据
          with
          [
              Scalar=double
          ]
D:\Skript\TUM_Skript\Semester1\Game physics\game_physics\E1\gamephysicstemplate-master\Simulations\util\matrixbase.h(774,79): warning C4244: “参数”: 从“Scalar”转换到“float”，可能丢失数据
          with
          [
              Scalar=double
          ]
D:\Skript\TUM_Skript\Semester1\Game physics\game_physics\E1\gamephysicstemplate-master\Simulations\util\matrixbase.h(774,61): warning C4244: “参数”: 从“Scalar”转换到“float”，可能丢失数据
          with
          [
              Scalar=double
          ]
D:\Skript\TUM_Skript\Semester1\Game physics\game_physics\E1\gamephysicstemplate-master\Simulations\util\matrixbase.h(774,43): warning C4244: “参数”: 从“Scalar”转换到“float”，可能丢失数据
          with
          [
              Scalar=double
          ]
D:\Skript\TUM_Skript\Semester1\Game physics\game_physics\E1\gamephysicstemplate-master\Simulations\util\vectorbase.h(1092,2): warning C4996: '_snprintf': This function or variable may be unsafe. Consider using _snprintf_s instead. To disable deprecation, use _CRT_SECURE_NO_WARNINGS. See online help for details.
D:\Skript\TUM_Skript\Semester1\Game physics\game_physics\E1\gamephysicstemplate-master\Simulations\MassSpringSystemSimulator.cpp(357): message : 查看对正在编译的函数 模板 实例化“std::ostream &GamePhysics::operator <<<GamePhysics::Real>(std::ostream &,const GamePhysics::vector3Dim<GamePhysics::Real> &)”的引用
  Demo_2017.vcxproj -> D:\Skript\TUM_Skript\Semester1\Game physics\game_physics\E1\gamephysicstemplate-master\Win32\Debug\Simulations.lib
